2019-03-03 12:05:26.1524 [DEBUG] Validating model...
2019-03-03 12:05:26.3439 [DEBUG] Model updated
2019-03-03 12:05:26.3439 [DEBUG] Authenticating with server...
2019-03-03 12:05:26.6377 [DEBUG] Connected to room. (91774:SceneFusion:SceneFusion)
2019-03-03 12:05:26.6487 [INFO] Connected to server.
2019-03-03 12:05:26.6497 [DEBUG] OS : Microsoft Windows NT 10.0.17134.0
2019-03-03 12:05:26.6497 [DEBUG] Unity Version : 2018.2.15f1
2019-03-03 12:05:26.6497 [DEBUG] Pro License : False
2019-03-03 12:05:26.6497 [DEBUG] Platform : WindowsEditor
2019-03-03 12:05:26.6507 [DEBUG] Build Target : StandaloneWindows64
2019-03-03 12:05:26.6507 [DEBUG] Scene Fusion version : 1.8.2
2019-03-03 12:05:26.6507 [DEBUG] Scene Fusion client build : 1
2019-03-03 12:05:26.6507 [DEBUG] User : max.arts@outlook.com
2019-03-03 12:05:26.6507 [DEBUG] Waiting for server response
2019-03-03 12:05:26.8102 [DEBUG] Tier: Scene Fusion Free, Permissions: 00001400
2019-03-03 12:05:26.8102 [DEBUG] User Permissions: FFFFFFFF
2019-03-03 12:05:27.0534 [DEBUG] No stand-in for UnityEngine.ProceduralMaterial
2019-03-03 12:05:27.0534 [DEBUG] No stand-in for UnityEngine.ProceduralTexture
2019-03-03 12:05:27.9372 [WARNING] Unable to load Sprite 'Assets/BayatGames/Free Platform Game Assets/Background/png/1920x1080/Background/Background.png' at index 1.
2019-03-03 12:05:27.9431 [WARNING] Unable to load Sprite 'Assets/BayatGames/Free Platform Game Assets/Coin Animation/png/2x/image 3.png' at index 1.
2019-03-03 12:05:27.9461 [WARNING] Unable to load AnimatorController 'Assets/Animations/CoinAnimator.controller'.
2019-03-03 12:05:27.9860 [WARNING] Unable to load Sprite 'Assets/BayatGames/Free Platform Game Assets/Tiles/png/256x256/Grass.png' at index 1.
2019-03-03 12:05:27.9950 [WARNING] Unable to load Sprite 'Assets/BayatGames/Free Platform Game Assets/Character/png/1x/Body.png' at index 1.
2019-03-03 12:05:27.9970 [WARNING] Error loading component ':PlayerMovement': Could not find type 'PlayerMovement'.
2019-03-03 12:05:28.0000 [WARNING] Error loading component ':PlayerMovement': Could not find type 'PlayerMovement'.
2019-03-03 12:05:28.0040 [WARNING] Unable to load Sprite 'Assets/BayatGames/Free Platform Game Assets/Character/png/1x/Foot.png' at index 1.
2019-03-03 12:05:28.0080 [WARNING] Unable to load Sprite 'Assets/BayatGames/Free Platform Game Assets/Character/png/1x/LeftHand&Arm.png' at index 1.
2019-03-03 12:05:28.0110 [WARNING] Unable to load Sprite 'Assets/BayatGames/Free Platform Game Assets/Character/png/1x/RightHand&Arm.png' at index 1.
2019-03-03 12:05:28.0139 [WARNING] Unable to load Sprite 'Assets/BayatGames/Free Platform Game Assets/Character/png/1x/Eye.png' at index 1.
2019-03-03 12:05:28.0179 [DEBUG] Loading complete
2019-03-03 12:05:43.2516 [DEBUG] Disconnecting temporarily to recompile.
2019-03-03 12:05:43.2526 [DEBUG] Disconnecting from room (91774:SceneFusion:SceneFusion)
2019-03-03 12:05:43.2546 [INFO] Disconnected from server.
2019-03-03 12:05:43.2546 [DEBUG] Disconnect. (Duration: 14)
