2019-03-03 12:06:39.9640 [DEBUG] Validating model...
2019-03-03 12:06:40.1594 [DEBUG] Model updated
2019-03-03 12:06:40.1594 [DEBUG] Authenticating with server...
2019-03-03 12:06:40.6920 [DEBUG] Connected to room. (91775:SceneFusion:SceneFusion)
2019-03-03 12:06:40.7050 [INFO] Connected to server.
2019-03-03 12:06:40.7060 [DEBUG] OS : Microsoft Windows NT 10.0.17134.0
2019-03-03 12:06:40.7060 [DEBUG] Unity Version : 2018.2.15f1
2019-03-03 12:06:40.7060 [DEBUG] Pro License : False
2019-03-03 12:06:40.7060 [DEBUG] Platform : WindowsEditor
2019-03-03 12:06:40.7070 [DEBUG] Build Target : StandaloneWindows64
2019-03-03 12:06:40.7070 [DEBUG] Scene Fusion version : 1.8.2
2019-03-03 12:06:40.7070 [DEBUG] Scene Fusion client build : 1
2019-03-03 12:06:40.7070 [DEBUG] User : max.arts@outlook.com
2019-03-03 12:06:40.7070 [DEBUG] Waiting for server response
2019-03-03 12:06:40.8785 [DEBUG] Tier: Scene Fusion Free, Permissions: 00001400
2019-03-03 12:06:40.8785 [DEBUG] User Permissions: FFFFFFFF
2019-03-03 12:06:41.3695 [DEBUG] No stand-in for UnityEngine.ProceduralMaterial
2019-03-03 12:06:41.3695 [DEBUG] No stand-in for UnityEngine.ProceduralTexture
2019-03-03 12:06:42.3279 [DEBUG] Uploading scene 'Untitled'
2019-03-03 12:06:42.3698 [DEBUG] Spawn request. (Objects: 2)
2019-03-03 12:06:42.6115 [DEBUG] Loading complete
2019-03-03 12:06:59.5843 [DEBUG] Disconnecting from room (91775:SceneFusion:SceneFusion)
2019-03-03 12:06:59.5863 [INFO] Disconnected from server.
2019-03-03 12:06:59.5863 [DEBUG] Disconnect. (Duration: -34)
